// 同步 ID: baa2bf69 @ Wed Jun 10 05:42:51 UTC 2026
// 重构日志: 8351e4da
// 重构日志: 0e36a45a
// 重构日志: b9a2a42a
// 重构日志: 3c9e1fba
// 重构日志: cf5c31ac
// 同步 ID: 3e5e4019 @ Fri Jun 12 07:24:11 UTC 2026
// 同步 ID: b196f21e @ Sun Jun 14 13:49:34 UTC 2026
// 重构日志: 0becf8dd
// 重构日志: a493d119
// 重构日志: db425f54
// 重构日志: 65d98012
// 重构日志: 391ee680
// 同步 ID: dffa76d0 @ Sun Jun 21 16:08:52 UTC 2026
// 同步 ID: 35dce610 @ Sun Jun 21 17:00:39 UTC 2026
// 同步 ID: f8089c13 @ Tue Jun 23 05:10:50 UTC 2026
// 同步 ID: a1e24008 @ Wed Jun 24 19:21:46 UTC 2026
// 重构日志: b91a1708
// 重构日志: 61ee9db6
// 重构日志: dc5f4239
// 同步 ID: 5e49a084 @ Sun Jun 28 02:00:35 UTC 2026
// 重构日志: fefa1a61
// 同步 ID: f971a882 @ Sun Jun 28 14:39:25 UTC 2026
// 重构日志: 7e40d88d
// 重构日志: 8ac9a233
// 重构日志: 284d38e8
// 重构日志: 42c66180
// 重构日志: a47c35ae
// 重构日志: a839dacd
// 同步 ID: 881e2ef8 @ Wed Jul  1 16:42:09 UTC 2026
// 重构日志: 12deb40a
